<?xml version="1.0" encoding="UTF-8"?>
<testsuite xmlns:xsi="http://www.w3.org/2001/XMLSchema-instance" xsi:schemaLocation="https://maven.apache.org/surefire/maven-surefire-plugin/xsd/surefire-test-report.xsd" name="ex4.ex4.AppTest" time="0.061" tests="8" errors="0" skipped="0" failures="0">
  <properties>
[...]
</properties>
  <testcase name="path1" classname="ex4.ex4.AppTest" time="0.006"/>
  <testcase name="path2" classname="ex4.ex4.AppTest" time="0"/>
  <testcase name="path3" classname="ex4.ex4.AppTest" time="0"/>
  <testcase name="path4" classname="ex4.ex4.AppTest" time="0.002"/>
  <testcase name="path5" classname="ex4.ex4.AppTest" time="0"/>
  <testcase name="path6" classname="ex4.ex4.AppTest" time="0"/>
  <testcase name="path7" classname="ex4.ex4.AppTest" time="0"/>
  <testcase name="path8" classname="ex4.ex4.AppTest" time="0"/>
</testsuite>